> Task :gradle:checkKotlinGradlePluginConfigurationErrors SKIPPED
> Task :gradle:compileKotlin UP-TO-DATE
> Task :gradle:compileJava NO-SOURCE
> Task :gradle:compileGroovy NO-SOURCE
> Task :gradle:pluginDescriptors UP-TO-DATE
> Task :gradle:processResources UP-TO-DATE
> Task :gradle:classes UP-TO-DATE
> Task :gradle:jar UP-TO-DATE
WARNING: The specified Android SDK Build Tools version (30.0.3) is ignored, as it is below the minimum supported version (35.0.0) for Android Gradle Plugin 8.9.1.
Android SDK Build Tools 35.0.0 will be used.
To suppress this warning, remove "buildToolsVersion '30.0.3'" from your build.gradle file, as each version of the Android Gradle Plugin now has a default version of the build tools.
> Task :app:DebugMinSdkCheck
> Task :app:preBuild UP-TO-DATE
> Task :app:preDebugBuild UP-TO-DATE
> Task :app:mergeDebugNativeDebugMetadata NO-SOURCE
> Task :app:checkKotlinGradlePluginConfigurationErrors SKIPPED

> Task :app:compileFlutterBuildDebug
.\gradlew.bat : lib/main.dart:24:26: Error: The 
argument type 'CardTheme' can't be assigned to the 
parameter type 'CardThemeData?'.
At line:1 char:1
+ .\gradlew.bat assembleDebug --console=plain > 
build_log.txt 2>&1
+ ~~~~~~~~~~~~~~~~~~~~~~~~~~~~~~~~~~~~~~~~~~~~~~~~~~~~
~~~~~~~~~~~~
    + CategoryInfo          : NotSpecified: (lib/main 
   .dart:2...ardThemeData?'.:String) [], RemoteExcep  
  tion
    + FullyQualifiedErrorId : NativeCommandError
 
 - 'CardTheme' is from 
'package:flutter/src/material/card_theme.dart' ('/C:/s
rc/flutter/packages/flutter/lib/src/material/card_them
e.dart').
 - 'CardThemeData' is from 
'package:flutter/src/material/card_theme.dart' ('/C:/s
rc/flutter/packages/flutter/lib/src/material/card_them
e.dart').
        cardTheme: const CardTheme(color: 
Colors.black26),
                         ^
Target kernel_snapshot_program failed: Exception


> Task :app:compileFlutterBuildDebug FAILED

[Incubating] Problems report is available at: file:///C:/flutter_project/greenhouse_monitor/build/reports/problems/problems-report.html

FAILURE: Build failed with an exception.

* What went wrong:
Execution failed for task 
':app:compileFlutterBuildDebug'.
> Process 'command 'C:\src\flutter\bin\flutter.bat'' 
finished with non-zero exit value 1

* Try:
> Run with --stacktrace option to get the stack trace.
> Run with --info or --debug option to get more log 
output.
> Run with --scan to get full insights.
> Get more help at https://help.gradle.org.

Deprecated Gradle features were used in this build, making it incompatible with Gradle 9.0.

You can use '--warning-mode all' to show the individual deprecation warnings and determine if they come from your own scripts or plugins.

For more on this, please refer to https://docs.gradle.org/8.12/userguide/command_line_interface.html#sec:command_line_warnings in the Gradle documentation.

BUILD FAILED in 5s
6 actionable tasks: 2 executed, 4 up-to-date
